<?xml version="1.0" encoding="UTF-8"?>
<!-- Generated by org.testng.reporters.JUnitXMLReporter -->
<testsuite ignored="0" hostname="DESKTOP-GQ04SCT" failures="0" tests="11" name="Default test" time="135.538" errors="0" timestamp="2023-10-20T14:36:46 IST">
  <testcase classname="testCase.TC" name="verifyLogin" time="7.713"/>
  <testcase classname="testCase.TC" name="verify_homepage" time="1.08"/>
  <testcase classname="testCase.TC" name="register_patient" time="12.121"/>
  <testcase classname="testCase.TC" name="demo_graphics" time="16.029"/>
  <testcase classname="testCase.TC" name="contact_info" time="11.056"/>
  <testcase classname="testCase.TC" name="relative" time="4.584"/>
  <testcase classname="testCase.TC" name="submit" time="1.141"/>
  <testcase classname="testCase.TC" name="appointment" time="32.436"/>
  <testcase classname="testCase.TC" name="editregistration" time="31.227"/>
  <testcase classname="testCase.TC" name="deletepatient" time="1.439"/>
  <testcase classname="testCase.TC" name="LogOut" time="3.164"/>
</testsuite> <!-- Default test -->
