<?xml version="1.0" encoding="UTF-8"?>
<!-- Generated by org.testng.reporters.JUnitXMLReporter -->
<testsuite ignored="0" hostname="DESKTOP-GQ04SCT" failures="0" tests="11" name="Default test" time="127.376" errors="0" timestamp="2023-09-29T15:03:38 IST">
  <testcase classname="testCase.TC" name="verifyLogin" time="4.587"/>
  <testcase classname="testCase.TC" name="verify_homepage" time="1.114"/>
  <testcase classname="testCase.TC" name="register_patient" time="9.976"/>
  <testcase classname="testCase.TC" name="demo_graphics" time="7.343"/>
  <testcase classname="testCase.TC" name="contact_info" time="1.83"/>
  <testcase classname="testCase.TC" name="relative" time="3.894"/>
  <testcase classname="testCase.TC" name="submit" time="1.242"/>
  <testcase classname="testCase.TC" name="appointment" time="18.446"/>
  <testcase classname="testCase.TC" name="editregistration" time="20.6"/>
  <testcase classname="testCase.TC" name="deletepatient" time="1.907"/>
  <testcase classname="testCase.TC" name="LogOut" time="1.919"/>
</testsuite> <!-- Default test -->
